<?xml version="1.0" encoding="UTF-8" standalone="no"?>
<testsuite errors="0" failures="0" name="io.cucumber.core.plugin.JUnitFormatter" skipped="0" tests="1" time="16.923">
    <testcase classname="Search on home page Verint.com" name="Search customer solution" time="16.781">
        <system-out><![CDATA[Given user open verint website..............................................passed
When click button search....................................................passed
And user search customer solution...........................................passed
Then page shows articles contain customer solution..........................passed
]]></system-out>
    </testcase>
</testsuite>
